<?xml version="1.0" encoding="UTF-8"?>
<testsuite name="graphqlpokemon.GraphQLTestExamplesTest" tests="2" skipped="0" failures="0" errors="0" timestamp="2022-07-20T05:28:00" hostname="kitajimaippeinoMac-mini.local" time="0.038">
  <properties/>
  <testcase name="testPokemonFirstNo()" classname="graphqlpokemon.GraphQLTestExamplesTest" time="0.036"/>
  <testcase name="testGet_1_1_ExistData()" classname="graphqlpokemon.GraphQLTestExamplesTest" time="0.001"/>
  <system-out><![CDATA[]]></system-out>
  <system-err><![CDATA[]]></system-err>
</testsuite>
